<?xml version="1.0" encoding="UTF-8"?>
<!-- Generated by org.testng.reporters.JUnitReportReporter -->
<testsuite hostname="SARAVANANR" failures="0" tests="1" name="GoogleTest.TS002" time="17.103" errors="0" timestamp="2021-10-26T10:29:50 IST" skipped="0">
  <testcase classname="GoogleTest.TS002" name="STEP01" time="17.103"/>
  <system-out/>
</testsuite> <!-- GoogleTest.TS002 -->
