<?xml version="1.0" encoding="UTF-8"?>
<!-- Generated by org.testng.reporters.JUnitReportReporter -->
<testsuite hostname="SARAVANANR" failures="0" tests="1" name="GoogleTest.Base" time="2.575" errors="0" timestamp="2021-10-25T11:33:01 IST" skipped="0">
  <testcase classname="GoogleTest.Base" name="BrowserCall" time="2.575"/>
  <system-out/>
</testsuite> <!-- GoogleTest.Base -->
